<?xml version="1.0" encoding="UTF-8"?>
<!-- Generated by org.testng.reporters.JUnitReportReporter -->
<testsuite hostname="LAPTOP-GGLBD97Q" failures="0" tests="1" name="sample.testng.TestNGProgram" time="0.005" errors="0" timestamp="10 Jan 2022 05:25:46 GMT" skipped="0">
  <testcase classname="sample.testng.TestNGProgram" name="TestCase1" time="0.005"/>
</testsuite> <!-- sample.testng.TestNGProgram -->
