<?xml version="1.0" encoding="UTF-8"?>
<!-- Generated by org.testng.reporters.JUnitReportReporter -->
<testsuite hostname="DESKTOP-A0JPN83" failures="0" tests="2" name="testngExamples.Exp_Testng1" time="0.024" errors="0" timestamp="04 Feb 2022 16:49:48 GMT" skipped="0">
  <testcase classname="testngExamples.Exp_Testng1" name="delemp" time="0.018"/>
  <testcase classname="testngExamples.Exp_Testng1" name="addemp" time="0.006"/>
</testsuite> <!-- testngExamples.Exp_Testng1 -->
