<?xml version="1.0" encoding="UTF-8"?>
<!-- Generated by org.testng.reporters.JUnitReportReporter -->
<testsuite hostname="DESKTOP-A0JPN83" failures="0" tests="1" name="testngExamples.Exp_Wd_Testng" time="9.847" errors="0" timestamp="04 Feb 2022 17:31:20 GMT" skipped="0">
  <testcase classname="testngExamples.Exp_Wd_Testng" name="TC001" time="9.847"/>
</testsuite> <!-- testngExamples.Exp_Wd_Testng -->
