<?xml version="1.0" encoding="UTF-8"?>
<!-- Generated by org.testng.reporters.JUnitReportReporter -->
<testsuite hostname="DESKTOP-A0JPN83" failures="0" tests="2" name="testngExamples.Exp_Testng" time="0.012" errors="0" timestamp="02 Feb 2022 14:46:19 GMT" skipped="0">
  <testcase classname="testngExamples.Exp_Testng" name="delemp" time="0.009"/>
  <testcase classname="testngExamples.Exp_Testng" name="addemp" time="0.003"/>
</testsuite> <!-- testngExamples.Exp_Testng -->
