<?xml version="1.0" encoding="UTF-8"?>
<!-- Generated by org.testng.reporters.JUnitReportReporter -->
<testsuite skipped="0" hostname="DESKTOP-A0JPN83" name="com.sdet.TC_Login" tests="1" failures="0" timestamp="19 Jan 2022 09:23:50 GMT" time="14.545" errors="0">
  <testcase name="login_Test" time="14.545" classname="com.sdet.TC_Login"/>
</testsuite> <!-- com.sdet.TC_Login -->
